фев 06, 2016 12:17:34 AM ru.ezhov.ujac.UJAC startUjac
INFO: запускаем загрузку приложения
фев 06, 2016 12:17:34 AM ru.ezhov.ujac.SocketLoadApp startClient
INFO: загружаем файл настроек
фев 06, 2016 12:17:34 AM ru.ezhov.ujac.SocketLoadApp loadClientConfig
INFO: получен файл с настройками приложения:
host: 127.0.0.1
port: 4444
nameApp: test
фев 06, 2016 12:17:34 AM ru.ezhov.ujac.SocketLoadApp createSocket
INFO: создали сокет
фев 06, 2016 12:17:34 AM ru.ezhov.ujac.SocketLoadApp createStream
INFO: создали OutputStream и InputStream сокета
фев 06, 2016 12:17:34 AM ru.ezhov.ujac.SocketLoadApp sendInfoObject
INFO: 
формируем xml из объекта:
InformationClass{nameApplication=test, date=2016-17-06 00:17:34, userName=Денис, commands=NEW_LOAD, version=0.0}
фев 06, 2016 12:17:34 AM ru.ezhov.ujac.SocketLoadApp createXmlFromInfoObject
INFO: создаем информационный объект
фев 06, 2016 12:17:34 AM ru.ezhov.ujac.SocketLoadApp createXmlFromInfoObject
INFO: 
создали информационный объект:
{"nameApplication":"test","date":"2016-17-06 00:17:34","userName":"Денис","commands":"NEW_LOAD","version":"0.0"}
фев 06, 2016 12:17:34 AM ru.ezhov.ujac.SocketLoadApp sendInfoObject
INFO: отправляем информационный объект: {"nameApplication":"test","date":"2016-17-06 00:17:34","userName":"Денис","commands":"NEW_LOAD","version":"0.0"}
фев 06, 2016 12:17:34 AM ru.ezhov.ujac.SocketLoadApp sendInfoObject
INFO: информационный объект отправлен
фев 06, 2016 12:17:34 AM ru.ezhov.ujac.SocketLoadApp readAppConfigFromSocket
INFO: читаем объект с настройками
фев 06, 2016 12:17:34 AM ru.ezhov.ujac.SocketLoadApp readAppConfigFromSocket
INFO: прочитан конфигурационный файл:
version: test_zip_folder
extFile: .zip
name: test
nameArchive: test.zip
nameFolderApp: spt
fileForRunApp: RUN.bat
lnkNameOnDesktop: TASKS
lnkNameFromArchive: task.ico
shortCutCreate: 
						Dim oShell, oShortCut, sDeskTopPath
Set oShell = CreateObject("Wscript.Shell")
sDeskTopPath = oShell.SpecialFolders("Desktop") 'РЅР° СЂР°Р±РѕС‡РёР№ СЃС‚РѕР»
Set oShortCut = oShell.CreateShortcut(sDeskTopPath &amp; "\%s.lnk")  'РЅР°Р·РІР°РЅРёРµ СЏСЂР»С‹РєР°
oShortCut.IconLocation = "%s" 'РїСѓС‚СЊ Рє РёРєРѕРЅРєРµ
oShortCut.TargetPath = "%s" 'РїСѓС‚СЊ Рє Р·Р°РїСѓСЃРєР°РµРјРѕРјСѓ С„Р°Р№Р»Сѓ
	oShortCut.WorkingDirectory = "%s" 'РїСѓС‚СЊ Рє СЂР°Р±РѕС‡РµР№ РїР°РїРєРё
oShortCut.Save
					
pathToArchiveOnServer: 

фев 06, 2016 12:17:34 AM ru.ezhov.ujac.SocketLoadApp loadFileFromSocket
INFO: загружаем файл
фев 06, 2016 12:17:34 AM ru.ezhov.ujac.SocketLoadApp treatmentSocket
SEVERE: null
java.io.EOFException
	at java.io.DataInputStream.readFully(DataInputStream.java:197)
	at java.io.DataInputStream.readLong(DataInputStream.java:416)
	at ru.ezhov.ujac.SocketLoadApp.loadFileFromSocket(SocketLoadApp.java:131)
	at ru.ezhov.ujac.SocketLoadApp.treatmentSocket(SocketLoadApp.java:53)
	at ru.ezhov.ujac.SocketLoadApp.startClient(SocketLoadApp.java:43)
	at ru.ezhov.ujac.SocketLoadApp.start(SocketLoadApp.java:31)
	at ru.ezhov.ujac.UJAC.startUjac(UJAC.java:38)
	at ru.ezhov.ujac.UJAC.main(UJAC.java:26)

фев 06, 2016 12:17:36 AM ru.ezhov.ujac.UJAC startUjac
INFO: загрузка приложения завершена
