янв 29, 2016 12:17:16 AM ru.ezhov.ujas.Server statrServer
INFO: сервер запускается
янв 29, 2016 12:17:16 AM ru.ezhov.ujas.Server statrServer
INFO: порт сервера: 4 444
янв 29, 2016 12:17:16 AM ru.ezhov.ujas.Server statrServer
INFO: ip сервера: 192.168.1.3
янв 29, 2016 12:17:16 AM ru.ezhov.ujas.Server startServerSocket
INFO: сервер запущен
янв 29, 2016 12:25:41 AM ru.ezhov.ujas.Server startServerSocket
INFO: запустили новое соединение
янв 29, 2016 12:25:41 AM ru.ezhov.ujas.TreatmentSocket startConnect
INFO: соединились
янв 29, 2016 12:25:41 AM ru.ezhov.ujas.TreatmentSocket createInfoObjectFromSocket
INFO: создаем присланный объект
янв 29, 2016 12:26:30 AM ru.ezhov.ujas.TreatmentSocket getXmlObject
INFO: считали xml:
<infoClass>
  <nameApplication>test</nameApplication>
  <date>2016-26-29 00:26:06</date>
  <userName>Денис</userName>
  <commands>NEW_LOAD</commands>
</infoClass>
янв 29, 2016 12:26:30 AM ru.ezhov.ujas.TreatmentSocket createInfoObjectFromSocket
INFO: создаем присланный объект из xml
